Watching for file changes with StatReloader
Ответ: Орел
"GET /game_1/ HTTP/1.1" 200 8
Грань кубика: 5
"GET /game_2/ HTTP/1.1" 200 1
Случайное число: 86
"GET /game_3/ HTTP/1.1" 200 2
Watching for file changes with StatReloader
/home/andy/PycharmProjects/Django_seminars/myproject/myapp/views.py changed, reloading.
Watching for file changes with StatReloader
Invalid HTTP_HOST header: '0.0.0.0:8000'. You may need to add '0.0.0.0' to ALLOWED_HOSTS.
Traceback (most recent call last):
  File "/home/andy/PycharmProjects/Django_seminars/.venv/lib/python3.11/site-packages/django/core/handlers/exception.py", line 55, in inner
    response = get_response(request)
               ^^^^^^^^^^^^^^^^^^^^^
  File "/home/andy/PycharmProjects/Django_seminars/.venv/lib/python3.11/site-packages/django/utils/deprecation.py", line 133, in __call__
    response = self.process_request(request)
               ^^^^^^^^^^^^^^^^^^^^^^^^^^^^^
  File "/home/andy/PycharmProjects/Django_seminars/.venv/lib/python3.11/site-packages/django/middleware/common.py", line 48, in process_request
    host = request.get_host()
           ^^^^^^^^^^^^^^^^^^
  File "/home/andy/PycharmProjects/Django_seminars/.venv/lib/python3.11/site-packages/django/http/request.py", line 151, in get_host
    raise DisallowedHost(msg)
django.core.exceptions.DisallowedHost: Invalid HTTP_HOST header: '0.0.0.0:8000'. You may need to add '0.0.0.0' to ALLOWED_HOSTS.
Bad Request: /
"GET / HTTP/1.1" 400 71688
Invalid HTTP_HOST header: '0.0.0.0:8000'. You may need to add '0.0.0.0' to ALLOWED_HOSTS.
Traceback (most recent call last):
  File "/home/andy/PycharmProjects/Django_seminars/.venv/lib/python3.11/site-packages/django/core/handlers/exception.py", line 55, in inner
    response = get_response(request)
               ^^^^^^^^^^^^^^^^^^^^^
  File "/home/andy/PycharmProjects/Django_seminars/.venv/lib/python3.11/site-packages/django/utils/deprecation.py", line 133, in __call__
    response = self.process_request(request)
               ^^^^^^^^^^^^^^^^^^^^^^^^^^^^^
  File "/home/andy/PycharmProjects/Django_seminars/.venv/lib/python3.11/site-packages/django/middleware/common.py", line 48, in process_request
    host = request.get_host()
           ^^^^^^^^^^^^^^^^^^
  File "/home/andy/PycharmProjects/Django_seminars/.venv/lib/python3.11/site-packages/django/http/request.py", line 151, in get_host
    raise DisallowedHost(msg)
django.core.exceptions.DisallowedHost: Invalid HTTP_HOST header: '0.0.0.0:8000'. You may need to add '0.0.0.0' to ALLOWED_HOSTS.
Bad Request: /favicon.ico
"GET /favicon.ico HTTP/1.1" 400 71656
Случайное число: 79
"GET /game_3/ HTTP/1.1" 200 2
Ответ: Решка
"GET /game_1/ HTTP/1.1" 200 10
Not Found: /favicon.ico
"GET /favicon.ico HTTP/1.1" 404 2781
Ответ: Орел
"GET /game_1/ HTTP/1.1" 200 8
Ответ: Орел
"GET /game_1/ HTTP/1.1" 200 8
Ответ: Орел
"GET /game_1/ HTTP/1.1" 200 8
Ответ: Орел
"GET /game_1/ HTTP/1.1" 200 8
Ответ: Орел
"GET /game_1/ HTTP/1.1" 200 8
Ответ: Орел
"GET /game_1/ HTTP/1.1" 200 8
Ответ: Решка
"GET /game_1/ HTTP/1.1" 200 10
Ответ: Орел
"GET /game_1/ HTTP/1.1" 200 8
/home/andy/PycharmProjects/Django_seminars/myproject/myapp/models.py changed, reloading.
Watching for file changes with StatReloader
/home/andy/PycharmProjects/Django_seminars/myproject/myapp/models.py changed, reloading.
Watching for file changes with StatReloader
/home/andy/PycharmProjects/Django_seminars/myproject/myapp/models.py changed, reloading.
Watching for file changes with StatReloader
/home/andy/PycharmProjects/Django_seminars/myproject/myapp/models.py changed, reloading.
Watching for file changes with StatReloader
/home/andy/PycharmProjects/Django_seminars/myproject/myapp/models.py changed, reloading.
Watching for file changes with StatReloader
/home/andy/PycharmProjects/Django_seminars/myproject/myapp/models.py changed, reloading.
Watching for file changes with StatReloader
/home/andy/PycharmProjects/Django_seminars/myproject/myapp/models.py changed, reloading.
Watching for file changes with StatReloader
/home/andy/PycharmProjects/Django_seminars/myproject/myapp/models.py changed, reloading.
Watching for file changes with StatReloader
/home/andy/PycharmProjects/Django_seminars/myproject/myapp/models.py changed, reloading.
Watching for file changes with StatReloader
/home/andy/PycharmProjects/Django_seminars/myproject/myapp/views.py changed, reloading.
Watching for file changes with StatReloader
/home/andy/PycharmProjects/Django_seminars/myproject/myapp/views.py changed, reloading.
Watching for file changes with StatReloader
/home/andy/PycharmProjects/Django_seminars/myproject/myapp/views.py changed, reloading.
Watching for file changes with StatReloader
/home/andy/PycharmProjects/Django_seminars/myproject/myapp/views.py changed, reloading.
Watching for file changes with StatReloader
/home/andy/PycharmProjects/Django_seminars/myproject/myapp/urls.py changed, reloading.
Watching for file changes with StatReloader
"GET /static_game/ HTTP/1.1" 200 4
/home/andy/PycharmProjects/Django_seminars/myproject/myapp/models.py changed, reloading.
Watching for file changes with StatReloader
/home/andy/PycharmProjects/Django_seminars/myproject/myapp/models.py changed, reloading.
Watching for file changes with StatReloader
/home/andy/PycharmProjects/Django_seminars/myproject/myapp/models.py changed, reloading.
Watching for file changes with StatReloader
/home/andy/PycharmProjects/Django_seminars/myproject/myapp/models.py changed, reloading.
Watching for file changes with StatReloader
/home/andy/PycharmProjects/Django_seminars/myproject/myapp/models.py changed, reloading.
Watching for file changes with StatReloader
/home/andy/PycharmProjects/Django_seminars/myproject/myapp/models.py changed, reloading.
Watching for file changes with StatReloader
/home/andy/PycharmProjects/Django_seminars/myproject/myapp/models.py changed, reloading.
Watching for file changes with StatReloader
/home/andy/PycharmProjects/Django_seminars/myproject/myapp/models.py changed, reloading.
Watching for file changes with StatReloader
/home/andy/PycharmProjects/Django_seminars/myproject/myapp/models.py changed, reloading.
Watching for file changes with StatReloader
/home/andy/PycharmProjects/Django_seminars/myproject/myapp/models.py changed, reloading.
Watching for file changes with StatReloader
"GET /static_game/ HTTP/1.1" 200 4
/home/andy/PycharmProjects/Django_seminars/myproject/myapp/models.py changed, reloading.
Watching for file changes with StatReloader
"GET /static_game/ HTTP/1.1" 200 4
/home/andy/PycharmProjects/Django_seminars/myproject/myapp/models.py changed, reloading.
Watching for file changes with StatReloader
/home/andy/PycharmProjects/Django_seminars/myproject/myapp/models.py changed, reloading.
Watching for file changes with StatReloader
/home/andy/PycharmProjects/Django_seminars/myproject/myapp/models.py changed, reloading.
Watching for file changes with StatReloader
/home/andy/PycharmProjects/Django_seminars/myproject/myapp/models.py changed, reloading.
Watching for file changes with StatReloader
/home/andy/PycharmProjects/Django_seminars/myproject/myapp/models.py changed, reloading.
Watching for file changes with StatReloader
/home/andy/PycharmProjects/Django_seminars/myproject/myapp/models.py changed, reloading.
Watching for file changes with StatReloader
/home/andy/PycharmProjects/Django_seminars/myproject/myapp/models.py changed, reloading.
Watching for file changes with StatReloader
/home/andy/PycharmProjects/Django_seminars/myproject/myapp/models.py changed, reloading.
Watching for file changes with StatReloader
Internal Server Error: /static_game/
Traceback (most recent call last):
  File "/home/andy/PycharmProjects/Django_seminars/.venv/lib/python3.11/site-packages/django/core/handlers/exception.py", line 55, in inner
    response = get_response(request)
               ^^^^^^^^^^^^^^^^^^^^^
  File "/home/andy/PycharmProjects/Django_seminars/.venv/lib/python3.11/site-packages/django/core/handlers/base.py", line 197, in _get_response
    response = wrapped_callback(request, *callback_args, **callback_kwargs)
               ^^^^^^^^^^^^^^^^^^^^^^^^^^^^^^^^^^^^^^^^^^^^^^^^^^^^^^^^^^^^
  File "/home/andy/PycharmProjects/Django_seminars/myproject/myapp/views.py", line 25, in static_game
    count = Coin.coin_throw()
            ^^^^^^^^^^^^^^^^^
  File "/home/andy/PycharmProjects/Django_seminars/myproject/myapp/models.py", line 18, in coin_throw
    dict_coin['Решка'] += 1
    ~~~~~~~~~^^^^^^^^^^^^^^
KeyError: 'Решка'
"GET /static_game/ HTTP/1.1" 500 71852
/home/andy/PycharmProjects/Django_seminars/myproject/myapp/models.py changed, reloading.
Watching for file changes with StatReloader
"GET /static_game/ HTTP/1.1" 200 18
/home/andy/PycharmProjects/Django_seminars/myproject/myapp/models.py changed, reloading.
Watching for file changes with StatReloader
"GET /static_game/ HTTP/1.1" 200 18
/home/andy/PycharmProjects/Django_seminars/myproject/myapp/views.py changed, reloading.
Watching for file changes with StatReloader
/home/andy/PycharmProjects/Django_seminars/myproject/myapp/views.py changed, reloading.
Watching for file changes with StatReloader
/home/andy/PycharmProjects/Django_seminars/myproject/myapp/views.py changed, reloading.
Watching for file changes with StatReloader
/home/andy/PycharmProjects/Django_seminars/myproject/myapp/views.py changed, reloading.
Watching for file changes with StatReloader
"GET /static_game/ HTTP/1.1" 200 26
/home/andy/PycharmProjects/Django_seminars/myproject/myapp/models.py changed, reloading.
Watching for file changes with StatReloader
/home/andy/PycharmProjects/Django_seminars/myproject/myapp/models.py changed, reloading.
Watching for file changes with StatReloader
/home/andy/PycharmProjects/Django_seminars/myproject/myapp/models.py changed, reloading.
Watching for file changes with StatReloader
/home/andy/PycharmProjects/Django_seminars/myproject/myapp/models.py changed, reloading.
Watching for file changes with StatReloader
/home/andy/PycharmProjects/Django_seminars/myproject/myapp/models.py changed, reloading.
Watching for file changes with StatReloader
/home/andy/PycharmProjects/Django_seminars/myproject/myapp/models.py changed, reloading.
Watching for file changes with StatReloader
/home/andy/PycharmProjects/Django_seminars/myproject/myapp/models.py changed, reloading.
Watching for file changes with StatReloader
/home/andy/PycharmProjects/Django_seminars/myproject/myapp/models.py changed, reloading.
Watching for file changes with StatReloader
/home/andy/PycharmProjects/Django_seminars/myproject/myapp/models.py changed, reloading.
Watching for file changes with StatReloader
/home/andy/PycharmProjects/Django_seminars/myproject/myapp/models.py changed, reloading.
Watching for file changes with StatReloader
/home/andy/PycharmProjects/Django_seminars/myproject/myapp/models.py changed, reloading.
Watching for file changes with StatReloader
/home/andy/PycharmProjects/Django_seminars/myproject/myapp/models.py changed, reloading.
Watching for file changes with StatReloader
/home/andy/PycharmProjects/Django_seminars/myproject/myapp/models.py changed, reloading.
Watching for file changes with StatReloader
/home/andy/PycharmProjects/Django_seminars/myproject/myapp/models.py changed, reloading.
Watching for file changes with StatReloader
/home/andy/PycharmProjects/Django_seminars/myproject/myapp/models.py changed, reloading.
Watching for file changes with StatReloader
/home/andy/PycharmProjects/Django_seminars/myproject/myapp/models.py changed, reloading.
Watching for file changes with StatReloader
/home/andy/PycharmProjects/Django_seminars/myproject/myapp/models.py changed, reloading.
Watching for file changes with StatReloader
/home/andy/PycharmProjects/Django_seminars/myproject/myapp/models.py changed, reloading.
Watching for file changes with StatReloader
/home/andy/PycharmProjects/Django_seminars/myproject/myapp/models.py changed, reloading.
Watching for file changes with StatReloader
/home/andy/PycharmProjects/Django_seminars/myproject/myapp/models.py changed, reloading.
Watching for file changes with StatReloader
/home/andy/PycharmProjects/Django_seminars/myproject/myapp/models.py changed, reloading.
Watching for file changes with StatReloader
/home/andy/PycharmProjects/Django_seminars/myproject/myapp/models.py changed, reloading.
Watching for file changes with StatReloader
/home/andy/PycharmProjects/Django_seminars/myproject/myapp/models.py changed, reloading.
Watching for file changes with StatReloader
/home/andy/PycharmProjects/Django_seminars/myproject/myapp/views.py changed, reloading.
Watching for file changes with StatReloader
/home/andy/PycharmProjects/Django_seminars/myproject/myapp/views.py changed, reloading.
Watching for file changes with StatReloader
/home/andy/PycharmProjects/Django_seminars/myproject/myapp/views.py changed, reloading.
Watching for file changes with StatReloader
/home/andy/PycharmProjects/Django_seminars/myproject/myapp/views.py changed, reloading.
Watching for file changes with StatReloader
/home/andy/PycharmProjects/Django_seminars/myproject/myapp/views.py changed, reloading.
Watching for file changes with StatReloader
/home/andy/PycharmProjects/Django_seminars/myproject/myapp/views.py changed, reloading.
Watching for file changes with StatReloader
/home/andy/PycharmProjects/Django_seminars/myproject/myapp/urls.py changed, reloading.
Watching for file changes with StatReloader
Internal Server Error: /view_full_name/
Traceback (most recent call last):
  File "/home/andy/PycharmProjects/Django_seminars/.venv/lib/python3.11/site-packages/django/core/handlers/exception.py", line 55, in inner
    response = get_response(request)
               ^^^^^^^^^^^^^^^^^^^^^
  File "/home/andy/PycharmProjects/Django_seminars/.venv/lib/python3.11/site-packages/django/core/handlers/base.py", line 197, in _get_response
    response = wrapped_callback(request, *callback_args, **callback_kwargs)
               ^^^^^^^^^^^^^^^^^^^^^^^^^^^^^^^^^^^^^^^^^^^^^^^^^^^^^^^^^^^^
  File "/home/andy/PycharmProjects/Django_seminars/myproject/myapp/views.py", line 30, in view_full_name
    full_name = Author.print_full_name()
                ^^^^^^^^^^^^^^^^^^^^^^^^
TypeError: Author.print_full_name() missing 1 required positional argument: 'self'
"GET /view_full_name/ HTTP/1.1" 500 68139
Watching for file changes with StatReloader
"GET /view_full_name/ HTTP/1.1" 200 270
/home/andy/PycharmProjects/Django_seminars/myproject/myapp/views.py changed, reloading.
Watching for file changes with StatReloader
/home/andy/PycharmProjects/Django_seminars/myproject/myapp/views.py changed, reloading.
Watching for file changes with StatReloader
/home/andy/PycharmProjects/Django_seminars/myproject/myapp/views.py changed, reloading.
Watching for file changes with StatReloader
"GET /view_full_name/ HTTP/1.1" 200 324
Watching for file changes with StatReloader
/home/andy/PycharmProjects/Django_seminars/myproject/myapp/views.py changed, reloading.
Watching for file changes with StatReloader
/home/andy/PycharmProjects/Django_seminars/myproject/myapp/views.py changed, reloading.
Watching for file changes with StatReloader
/home/andy/PycharmProjects/Django_seminars/myproject/myapp/views.py changed, reloading.
Watching for file changes with StatReloader
/home/andy/PycharmProjects/Django_seminars/myproject/myapp/views.py changed, reloading.
Watching for file changes with StatReloader
/home/andy/PycharmProjects/Django_seminars/myproject/myapp/views.py changed, reloading.
Watching for file changes with StatReloader
/home/andy/PycharmProjects/Django_seminars/myproject/myapp/views.py changed, reloading.
Watching for file changes with StatReloader
/home/andy/PycharmProjects/Django_seminars/myproject/myapp/urls.py changed, reloading.
Watching for file changes with StatReloader
'Главная' страница удачно открылась
Internal Server Error: /
Traceback (most recent call last):
  File "/home/andy/PycharmProjects/Django_seminars/.venv/lib/python3.11/site-packages/django/template/base.py", line 502, in parse
    compile_func = self.tags[command]
                   ~~~~~~~~~^^^^^^^^^
KeyError: 'endbblock'

During handling of the above exception, another exception occurred:

Traceback (most recent call last):
  File "/home/andy/PycharmProjects/Django_seminars/.venv/lib/python3.11/site-packages/django/core/handlers/exception.py", line 55, in inner
    response = get_response(request)
               ^^^^^^^^^^^^^^^^^^^^^
  File "/home/andy/PycharmProjects/Django_seminars/.venv/lib/python3.11/site-packages/django/core/handlers/base.py", line 197, in _get_response
    response = wrapped_callback(request, *callback_args, **callback_kwargs)
               ^^^^^^^^^^^^^^^^^^^^^^^^^^^^^^^^^^^^^^^^^^^^^^^^^^^^^^^^^^^^
  File "/home/andy/PycharmProjects/Django_seminars/myproject/myapp/views.py", line 16, in index
    return render(request, "myapp/index.html")
           ^^^^^^^^^^^^^^^^^^^^^^^^^^^^^^^^^^^
  File "/home/andy/PycharmProjects/Django_seminars/.venv/lib/python3.11/site-packages/django/shortcuts.py", line 25, in render
    content = loader.render_to_string(template_name, context, request, using=using)
              ^^^^^^^^^^^^^^^^^^^^^^^^^^^^^^^^^^^^^^^^^^^^^^^^^^^^^^^^^^^^^^^^^^^^^
  File "/home/andy/PycharmProjects/Django_seminars/.venv/lib/python3.11/site-packages/django/template/loader.py", line 61, in render_to_string
    template = get_template(template_name, using=using)
               ^^^^^^^^^^^^^^^^^^^^^^^^^^^^^^^^^^^^^^^^
  File "/home/andy/PycharmProjects/Django_seminars/.venv/lib/python3.11/site-packages/django/template/loader.py", line 15, in get_template
    return engine.get_template(template_name)
           ^^^^^^^^^^^^^^^^^^^^^^^^^^^^^^^^^^
  File "/home/andy/PycharmProjects/Django_seminars/.venv/lib/python3.11/site-packages/django/template/backends/django.py", line 33, in get_template
    return Template(self.engine.get_template(template_name), self)
                    ^^^^^^^^^^^^^^^^^^^^^^^^^^^^^^^^^^^^^^^
  File "/home/andy/PycharmProjects/Django_seminars/.venv/lib/python3.11/site-packages/django/template/engine.py", line 177, in get_template
    template, origin = self.find_template(template_name)
                       ^^^^^^^^^^^^^^^^^^^^^^^^^^^^^^^^^
  File "/home/andy/PycharmProjects/Django_seminars/.venv/lib/python3.11/site-packages/django/template/engine.py", line 159, in find_template
    template = loader.get_template(name, skip=skip)
               ^^^^^^^^^^^^^^^^^^^^^^^^^^^^^^^^^^^^
  File "/home/andy/PycharmProjects/Django_seminars/.venv/lib/python3.11/site-packages/django/template/loaders/cached.py", line 57, in get_template
    template = super().get_template(template_name, skip)
               ^^^^^^^^^^^^^^^^^^^^^^^^^^^^^^^^^^^^^^^^^
  File "/home/andy/PycharmProjects/Django_seminars/.venv/lib/python3.11/site-packages/django/template/loaders/base.py", line 28, in get_template
    return Template(
           ^^^^^^^^^
  File "/home/andy/PycharmProjects/Django_seminars/.venv/lib/python3.11/site-packages/django/template/base.py", line 154, in __init__
    self.nodelist = self.compile_nodelist()
                    ^^^^^^^^^^^^^^^^^^^^^^^
  File "/home/andy/PycharmProjects/Django_seminars/.venv/lib/python3.11/site-packages/django/template/base.py", line 196, in compile_nodelist
    return parser.parse()
           ^^^^^^^^^^^^^^
  File "/home/andy/PycharmProjects/Django_seminars/.venv/lib/python3.11/site-packages/django/template/base.py", line 510, in parse
    raise self.error(token, e)
  File "/home/andy/PycharmProjects/Django_seminars/.venv/lib/python3.11/site-packages/django/template/base.py", line 508, in parse
    compiled_result = compile_func(self, token)
                      ^^^^^^^^^^^^^^^^^^^^^^^^^
  File "/home/andy/PycharmProjects/Django_seminars/.venv/lib/python3.11/site-packages/django/template/loader_tags.py", line 295, in do_extends
    nodelist = parser.parse()
               ^^^^^^^^^^^^^^
  File "/home/andy/PycharmProjects/Django_seminars/.venv/lib/python3.11/site-packages/django/template/base.py", line 510, in parse
    raise self.error(token, e)
  File "/home/andy/PycharmProjects/Django_seminars/.venv/lib/python3.11/site-packages/django/template/base.py", line 508, in parse
    compiled_result = compile_func(self, token)
                      ^^^^^^^^^^^^^^^^^^^^^^^^^
  File "/home/andy/PycharmProjects/Django_seminars/.venv/lib/python3.11/site-packages/django/template/loader_tags.py", line 234, in do_block
    nodelist = parser.parse(("endblock",))
               ^^^^^^^^^^^^^^^^^^^^^^^^^^^
  File "/home/andy/PycharmProjects/Django_seminars/.venv/lib/python3.11/site-packages/django/template/base.py", line 504, in parse
    self.invalid_block_tag(token, command, parse_until)
  File "/home/andy/PycharmProjects/Django_seminars/.venv/lib/python3.11/site-packages/django/template/base.py", line 555, in invalid_block_tag
    raise self.error(
django.template.exceptions.TemplateSyntaxError: Invalid block tag on line 7: 'endbblock', expected 'endblock'. Did you forget to register or load this tag?
"GET / HTTP/1.1" 500 163874
Not Found: /favicon.ico
"GET /favicon.ico HTTP/1.1" 404 3312
'Главная' страница удачно открылась
Internal Server Error: /
Traceback (most recent call last):
  File "/home/andy/PycharmProjects/Django_seminars/.venv/lib/python3.11/site-packages/django/template/base.py", line 502, in parse
    compile_func = self.tags[command]
                   ~~~~~~~~~^^^^^^^^^
KeyError: 'endbblock'

During handling of the above exception, another exception occurred:

Traceback (most recent call last):
  File "/home/andy/PycharmProjects/Django_seminars/.venv/lib/python3.11/site-packages/django/core/handlers/exception.py", line 55, in inner
    response = get_response(request)
               ^^^^^^^^^^^^^^^^^^^^^
  File "/home/andy/PycharmProjects/Django_seminars/.venv/lib/python3.11/site-packages/django/core/handlers/base.py", line 197, in _get_response
    response = wrapped_callback(request, *callback_args, **callback_kwargs)
               ^^^^^^^^^^^^^^^^^^^^^^^^^^^^^^^^^^^^^^^^^^^^^^^^^^^^^^^^^^^^
  File "/home/andy/PycharmProjects/Django_seminars/myproject/myapp/views.py", line 16, in index
    return render(request, "myapp/index.html")
           ^^^^^^^^^^^^^^^^^^^^^^^^^^^^^^^^^^^
  File "/home/andy/PycharmProjects/Django_seminars/.venv/lib/python3.11/site-packages/django/shortcuts.py", line 25, in render
    content = loader.render_to_string(template_name, context, request, using=using)
              ^^^^^^^^^^^^^^^^^^^^^^^^^^^^^^^^^^^^^^^^^^^^^^^^^^^^^^^^^^^^^^^^^^^^^
  File "/home/andy/PycharmProjects/Django_seminars/.venv/lib/python3.11/site-packages/django/template/loader.py", line 61, in render_to_string
    template = get_template(template_name, using=using)
               ^^^^^^^^^^^^^^^^^^^^^^^^^^^^^^^^^^^^^^^^
  File "/home/andy/PycharmProjects/Django_seminars/.venv/lib/python3.11/site-packages/django/template/loader.py", line 15, in get_template
    return engine.get_template(template_name)
           ^^^^^^^^^^^^^^^^^^^^^^^^^^^^^^^^^^
  File "/home/andy/PycharmProjects/Django_seminars/.venv/lib/python3.11/site-packages/django/template/backends/django.py", line 33, in get_template
    return Template(self.engine.get_template(template_name), self)
                    ^^^^^^^^^^^^^^^^^^^^^^^^^^^^^^^^^^^^^^^
  File "/home/andy/PycharmProjects/Django_seminars/.venv/lib/python3.11/site-packages/django/template/engine.py", line 177, in get_template
    template, origin = self.find_template(template_name)
                       ^^^^^^^^^^^^^^^^^^^^^^^^^^^^^^^^^
  File "/home/andy/PycharmProjects/Django_seminars/.venv/lib/python3.11/site-packages/django/template/engine.py", line 159, in find_template
    template = loader.get_template(name, skip=skip)
               ^^^^^^^^^^^^^^^^^^^^^^^^^^^^^^^^^^^^
  File "/home/andy/PycharmProjects/Django_seminars/.venv/lib/python3.11/site-packages/django/template/loaders/cached.py", line 57, in get_template
    template = super().get_template(template_name, skip)
               ^^^^^^^^^^^^^^^^^^^^^^^^^^^^^^^^^^^^^^^^^
  File "/home/andy/PycharmProjects/Django_seminars/.venv/lib/python3.11/site-packages/django/template/loaders/base.py", line 28, in get_template
    return Template(
           ^^^^^^^^^
  File "/home/andy/PycharmProjects/Django_seminars/.venv/lib/python3.11/site-packages/django/template/base.py", line 154, in __init__
    self.nodelist = self.compile_nodelist()
                    ^^^^^^^^^^^^^^^^^^^^^^^
  File "/home/andy/PycharmProjects/Django_seminars/.venv/lib/python3.11/site-packages/django/template/base.py", line 196, in compile_nodelist
    return parser.parse()
           ^^^^^^^^^^^^^^
  File "/home/andy/PycharmProjects/Django_seminars/.venv/lib/python3.11/site-packages/django/template/base.py", line 510, in parse
    raise self.error(token, e)
  File "/home/andy/PycharmProjects/Django_seminars/.venv/lib/python3.11/site-packages/django/template/base.py", line 508, in parse
    compiled_result = compile_func(self, token)
                      ^^^^^^^^^^^^^^^^^^^^^^^^^
  File "/home/andy/PycharmProjects/Django_seminars/.venv/lib/python3.11/site-packages/django/template/loader_tags.py", line 295, in do_extends
    nodelist = parser.parse()
               ^^^^^^^^^^^^^^
  File "/home/andy/PycharmProjects/Django_seminars/.venv/lib/python3.11/site-packages/django/template/base.py", line 510, in parse
    raise self.error(token, e)
  File "/home/andy/PycharmProjects/Django_seminars/.venv/lib/python3.11/site-packages/django/template/base.py", line 508, in parse
    compiled_result = compile_func(self, token)
                      ^^^^^^^^^^^^^^^^^^^^^^^^^
  File "/home/andy/PycharmProjects/Django_seminars/.venv/lib/python3.11/site-packages/django/template/loader_tags.py", line 234, in do_block
    nodelist = parser.parse(("endblock",))
               ^^^^^^^^^^^^^^^^^^^^^^^^^^^
  File "/home/andy/PycharmProjects/Django_seminars/.venv/lib/python3.11/site-packages/django/template/base.py", line 504, in parse
    self.invalid_block_tag(token, command, parse_until)
  File "/home/andy/PycharmProjects/Django_seminars/.venv/lib/python3.11/site-packages/django/template/base.py", line 555, in invalid_block_tag
    raise self.error(
django.template.exceptions.TemplateSyntaxError: Invalid block tag on line 7: 'endbblock', expected 'endblock'. Did you forget to register or load this tag?
"GET / HTTP/1.1" 500 164011
'Главная' страница удачно открылась
Internal Server Error: /
Traceback (most recent call last):
  File "/home/andy/PycharmProjects/Django_seminars/.venv/lib/python3.11/site-packages/django/template/backends/django.py", line 61, in render
    return self.template.render(context)
           ^^^^^^^^^^^^^^^^^^^^^^^^^^^^^
  File "/home/andy/PycharmProjects/Django_seminars/.venv/lib/python3.11/site-packages/django/template/base.py", line 171, in render
    return self._render(context)
           ^^^^^^^^^^^^^^^^^^^^^
  File "/home/andy/PycharmProjects/Django_seminars/.venv/lib/python3.11/site-packages/django/template/base.py", line 163, in _render
    return self.nodelist.render(context)
           ^^^^^^^^^^^^^^^^^^^^^^^^^^^^^
  File "/home/andy/PycharmProjects/Django_seminars/.venv/lib/python3.11/site-packages/django/template/base.py", line 1000, in render
    return SafeString("".join([node.render_annotated(context) for node in self]))
                              ^^^^^^^^^^^^^^^^^^^^^^^^^^^^^^^^^^^^^^^^^^^^^^^^^
  File "/home/andy/PycharmProjects/Django_seminars/.venv/lib/python3.11/site-packages/django/template/base.py", line 1000, in <listcomp>
    return SafeString("".join([node.render_annotated(context) for node in self]))
                               ^^^^^^^^^^^^^^^^^^^^^^^^^^^^^^
  File "/home/andy/PycharmProjects/Django_seminars/.venv/lib/python3.11/site-packages/django/template/base.py", line 961, in render_annotated
    return self.render(context)
           ^^^^^^^^^^^^^^^^^^^^
  File "/home/andy/PycharmProjects/Django_seminars/.venv/lib/python3.11/site-packages/django/template/loader_tags.py", line 134, in render
    compiled_parent = self.get_parent(context)
                      ^^^^^^^^^^^^^^^^^^^^^^^^
  File "/home/andy/PycharmProjects/Django_seminars/.venv/lib/python3.11/site-packages/django/template/loader_tags.py", line 131, in get_parent
    return self.find_template(parent, context)
           ^^^^^^^^^^^^^^^^^^^^^^^^^^^^^^^^^^^
  File "/home/andy/PycharmProjects/Django_seminars/.venv/lib/python3.11/site-packages/django/template/loader_tags.py", line 109, in find_template
    template, origin = context.template.engine.find_template(
                       ^^^^^^^^^^^^^^^^^^^^^^^^^^^^^^^^^^^^^^
  File "/home/andy/PycharmProjects/Django_seminars/.venv/lib/python3.11/site-packages/django/template/engine.py", line 163, in find_template
    raise TemplateDoesNotExist(name, tried=tried)
django.template.exceptions.TemplateDoesNotExist: base.html

The above exception was the direct cause of the following exception:

Traceback (most recent call last):
  File "/home/andy/PycharmProjects/Django_seminars/.venv/lib/python3.11/site-packages/django/core/handlers/exception.py", line 55, in inner
    response = get_response(request)
               ^^^^^^^^^^^^^^^^^^^^^
  File "/home/andy/PycharmProjects/Django_seminars/.venv/lib/python3.11/site-packages/django/core/handlers/base.py", line 197, in _get_response
    response = wrapped_callback(request, *callback_args, **callback_kwargs)
               ^^^^^^^^^^^^^^^^^^^^^^^^^^^^^^^^^^^^^^^^^^^^^^^^^^^^^^^^^^^^
  File "/home/andy/PycharmProjects/Django_seminars/myproject/myapp/views.py", line 16, in index
    return render(request, "myapp/index.html")
           ^^^^^^^^^^^^^^^^^^^^^^^^^^^^^^^^^^^
  File "/home/andy/PycharmProjects/Django_seminars/.venv/lib/python3.11/site-packages/django/shortcuts.py", line 25, in render
    content = loader.render_to_string(template_name, context, request, using=using)
              ^^^^^^^^^^^^^^^^^^^^^^^^^^^^^^^^^^^^^^^^^^^^^^^^^^^^^^^^^^^^^^^^^^^^^
  File "/home/andy/PycharmProjects/Django_seminars/.venv/lib/python3.11/site-packages/django/template/loader.py", line 62, in render_to_string
    return template.render(context, request)
           ^^^^^^^^^^^^^^^^^^^^^^^^^^^^^^^^^
  File "/home/andy/PycharmProjects/Django_seminars/.venv/lib/python3.11/site-packages/django/template/backends/django.py", line 63, in render
    reraise(exc, self.backend)
  File "/home/andy/PycharmProjects/Django_seminars/.venv/lib/python3.11/site-packages/django/template/backends/django.py", line 84, in reraise
    raise new from exc
django.template.exceptions.TemplateDoesNotExist: base.html
"GET / HTTP/1.1" 500 132889
/home/andy/PycharmProjects/Django_seminars/myproject/myproject/settings.py changed, reloading.
Watching for file changes with StatReloader
'Главная' страница удачно открылась
Internal Server Error: /
Traceback (most recent call last):
  File "/home/andy/PycharmProjects/Django_seminars/.venv/lib/python3.11/site-packages/django/template/base.py", line 502, in parse
    compile_func = self.tags[command]
                   ~~~~~~~~~^^^^^^^^^
KeyError: 'endblok'

During handling of the above exception, another exception occurred:

Traceback (most recent call last):
  File "/home/andy/PycharmProjects/Django_seminars/.venv/lib/python3.11/site-packages/django/core/handlers/exception.py", line 55, in inner
    response = get_response(request)
               ^^^^^^^^^^^^^^^^^^^^^
  File "/home/andy/PycharmProjects/Django_seminars/.venv/lib/python3.11/site-packages/django/core/handlers/base.py", line 197, in _get_response
    response = wrapped_callback(request, *callback_args, **callback_kwargs)
               ^^^^^^^^^^^^^^^^^^^^^^^^^^^^^^^^^^^^^^^^^^^^^^^^^^^^^^^^^^^^
  File "/home/andy/PycharmProjects/Django_seminars/myproject/myapp/views.py", line 16, in index
    return render(request, "myapp/index.html")
           ^^^^^^^^^^^^^^^^^^^^^^^^^^^^^^^^^^^
  File "/home/andy/PycharmProjects/Django_seminars/.venv/lib/python3.11/site-packages/django/shortcuts.py", line 25, in render
    content = loader.render_to_string(template_name, context, request, using=using)
              ^^^^^^^^^^^^^^^^^^^^^^^^^^^^^^^^^^^^^^^^^^^^^^^^^^^^^^^^^^^^^^^^^^^^^
  File "/home/andy/PycharmProjects/Django_seminars/.venv/lib/python3.11/site-packages/django/template/loader.py", line 62, in render_to_string
    return template.render(context, request)
           ^^^^^^^^^^^^^^^^^^^^^^^^^^^^^^^^^
  File "/home/andy/PycharmProjects/Django_seminars/.venv/lib/python3.11/site-packages/django/template/backends/django.py", line 61, in render
    return self.template.render(context)
           ^^^^^^^^^^^^^^^^^^^^^^^^^^^^^
  File "/home/andy/PycharmProjects/Django_seminars/.venv/lib/python3.11/site-packages/django/template/base.py", line 171, in render
    return self._render(context)
           ^^^^^^^^^^^^^^^^^^^^^
  File "/home/andy/PycharmProjects/Django_seminars/.venv/lib/python3.11/site-packages/django/template/base.py", line 163, in _render
    return self.nodelist.render(context)
           ^^^^^^^^^^^^^^^^^^^^^^^^^^^^^
  File "/home/andy/PycharmProjects/Django_seminars/.venv/lib/python3.11/site-packages/django/template/base.py", line 1000, in render
    return SafeString("".join([node.render_annotated(context) for node in self]))
                              ^^^^^^^^^^^^^^^^^^^^^^^^^^^^^^^^^^^^^^^^^^^^^^^^^
  File "/home/andy/PycharmProjects/Django_seminars/.venv/lib/python3.11/site-packages/django/template/base.py", line 1000, in <listcomp>
    return SafeString("".join([node.render_annotated(context) for node in self]))
                               ^^^^^^^^^^^^^^^^^^^^^^^^^^^^^^
  File "/home/andy/PycharmProjects/Django_seminars/.venv/lib/python3.11/site-packages/django/template/base.py", line 961, in render_annotated
    return self.render(context)
           ^^^^^^^^^^^^^^^^^^^^
  File "/home/andy/PycharmProjects/Django_seminars/.venv/lib/python3.11/site-packages/django/template/loader_tags.py", line 134, in render
    compiled_parent = self.get_parent(context)
                      ^^^^^^^^^^^^^^^^^^^^^^^^
  File "/home/andy/PycharmProjects/Django_seminars/.venv/lib/python3.11/site-packages/django/template/loader_tags.py", line 131, in get_parent
    return self.find_template(parent, context)
           ^^^^^^^^^^^^^^^^^^^^^^^^^^^^^^^^^^^
  File "/home/andy/PycharmProjects/Django_seminars/.venv/lib/python3.11/site-packages/django/template/loader_tags.py", line 109, in find_template
    template, origin = context.template.engine.find_template(
                       ^^^^^^^^^^^^^^^^^^^^^^^^^^^^^^^^^^^^^^
  File "/home/andy/PycharmProjects/Django_seminars/.venv/lib/python3.11/site-packages/django/template/engine.py", line 159, in find_template
    template = loader.get_template(name, skip=skip)
               ^^^^^^^^^^^^^^^^^^^^^^^^^^^^^^^^^^^^
  File "/home/andy/PycharmProjects/Django_seminars/.venv/lib/python3.11/site-packages/django/template/loaders/cached.py", line 57, in get_template
    template = super().get_template(template_name, skip)
               ^^^^^^^^^^^^^^^^^^^^^^^^^^^^^^^^^^^^^^^^^
  File "/home/andy/PycharmProjects/Django_seminars/.venv/lib/python3.11/site-packages/django/template/loaders/base.py", line 28, in get_template
    return Template(
           ^^^^^^^^^
  File "/home/andy/PycharmProjects/Django_seminars/.venv/lib/python3.11/site-packages/django/template/base.py", line 154, in __init__
    self.nodelist = self.compile_nodelist()
                    ^^^^^^^^^^^^^^^^^^^^^^^
  File "/home/andy/PycharmProjects/Django_seminars/.venv/lib/python3.11/site-packages/django/template/base.py", line 196, in compile_nodelist
    return parser.parse()
           ^^^^^^^^^^^^^^
  File "/home/andy/PycharmProjects/Django_seminars/.venv/lib/python3.11/site-packages/django/template/base.py", line 510, in parse
    raise self.error(token, e)
  File "/home/andy/PycharmProjects/Django_seminars/.venv/lib/python3.11/site-packages/django/template/base.py", line 508, in parse
    compiled_result = compile_func(self, token)
                      ^^^^^^^^^^^^^^^^^^^^^^^^^
  File "/home/andy/PycharmProjects/Django_seminars/.venv/lib/python3.11/site-packages/django/template/loader_tags.py", line 234, in do_block
    nodelist = parser.parse(("endblock",))
               ^^^^^^^^^^^^^^^^^^^^^^^^^^^
  File "/home/andy/PycharmProjects/Django_seminars/.venv/lib/python3.11/site-packages/django/template/base.py", line 504, in parse
    self.invalid_block_tag(token, command, parse_until)
  File "/home/andy/PycharmProjects/Django_seminars/.venv/lib/python3.11/site-packages/django/template/base.py", line 555, in invalid_block_tag
    raise self.error(
django.template.exceptions.TemplateSyntaxError: Invalid block tag on line 10: 'endblok', expected 'endblock'. Did you forget to register or load this tag?
"GET / HTTP/1.1" 500 174856
'Главная' страница удачно открылась
Internal Server Error: /
Traceback (most recent call last):
  File "/home/andy/PycharmProjects/Django_seminars/.venv/lib/python3.11/site-packages/django/template/base.py", line 502, in parse
    compile_func = self.tags[command]
                   ~~~~~~~~~^^^^^^^^^
KeyError: 'endblok'

During handling of the above exception, another exception occurred:

Traceback (most recent call last):
  File "/home/andy/PycharmProjects/Django_seminars/.venv/lib/python3.11/site-packages/django/core/handlers/exception.py", line 55, in inner
    response = get_response(request)
               ^^^^^^^^^^^^^^^^^^^^^
  File "/home/andy/PycharmProjects/Django_seminars/.venv/lib/python3.11/site-packages/django/core/handlers/base.py", line 197, in _get_response
    response = wrapped_callback(request, *callback_args, **callback_kwargs)
               ^^^^^^^^^^^^^^^^^^^^^^^^^^^^^^^^^^^^^^^^^^^^^^^^^^^^^^^^^^^^
  File "/home/andy/PycharmProjects/Django_seminars/myproject/myapp/views.py", line 16, in index
    return render(request, "myapp/index.html")
           ^^^^^^^^^^^^^^^^^^^^^^^^^^^^^^^^^^^
  File "/home/andy/PycharmProjects/Django_seminars/.venv/lib/python3.11/site-packages/django/shortcuts.py", line 25, in render
    content = loader.render_to_string(template_name, context, request, using=using)
              ^^^^^^^^^^^^^^^^^^^^^^^^^^^^^^^^^^^^^^^^^^^^^^^^^^^^^^^^^^^^^^^^^^^^^
  File "/home/andy/PycharmProjects/Django_seminars/.venv/lib/python3.11/site-packages/django/template/loader.py", line 62, in render_to_string
    return template.render(context, request)
           ^^^^^^^^^^^^^^^^^^^^^^^^^^^^^^^^^
  File "/home/andy/PycharmProjects/Django_seminars/.venv/lib/python3.11/site-packages/django/template/backends/django.py", line 61, in render
    return self.template.render(context)
           ^^^^^^^^^^^^^^^^^^^^^^^^^^^^^
  File "/home/andy/PycharmProjects/Django_seminars/.venv/lib/python3.11/site-packages/django/template/base.py", line 171, in render
    return self._render(context)
           ^^^^^^^^^^^^^^^^^^^^^
  File "/home/andy/PycharmProjects/Django_seminars/.venv/lib/python3.11/site-packages/django/template/base.py", line 163, in _render
    return self.nodelist.render(context)
           ^^^^^^^^^^^^^^^^^^^^^^^^^^^^^
  File "/home/andy/PycharmProjects/Django_seminars/.venv/lib/python3.11/site-packages/django/template/base.py", line 1000, in render
    return SafeString("".join([node.render_annotated(context) for node in self]))
                              ^^^^^^^^^^^^^^^^^^^^^^^^^^^^^^^^^^^^^^^^^^^^^^^^^
  File "/home/andy/PycharmProjects/Django_seminars/.venv/lib/python3.11/site-packages/django/template/base.py", line 1000, in <listcomp>
    return SafeString("".join([node.render_annotated(context) for node in self]))
                               ^^^^^^^^^^^^^^^^^^^^^^^^^^^^^^
  File "/home/andy/PycharmProjects/Django_seminars/.venv/lib/python3.11/site-packages/django/template/base.py", line 961, in render_annotated
    return self.render(context)
           ^^^^^^^^^^^^^^^^^^^^
  File "/home/andy/PycharmProjects/Django_seminars/.venv/lib/python3.11/site-packages/django/template/loader_tags.py", line 134, in render
    compiled_parent = self.get_parent(context)
                      ^^^^^^^^^^^^^^^^^^^^^^^^
  File "/home/andy/PycharmProjects/Django_seminars/.venv/lib/python3.11/site-packages/django/template/loader_tags.py", line 131, in get_parent
    return self.find_template(parent, context)
           ^^^^^^^^^^^^^^^^^^^^^^^^^^^^^^^^^^^
  File "/home/andy/PycharmProjects/Django_seminars/.venv/lib/python3.11/site-packages/django/template/loader_tags.py", line 109, in find_template
    template, origin = context.template.engine.find_template(
                       ^^^^^^^^^^^^^^^^^^^^^^^^^^^^^^^^^^^^^^
  File "/home/andy/PycharmProjects/Django_seminars/.venv/lib/python3.11/site-packages/django/template/engine.py", line 159, in find_template
    template = loader.get_template(name, skip=skip)
               ^^^^^^^^^^^^^^^^^^^^^^^^^^^^^^^^^^^^
  File "/home/andy/PycharmProjects/Django_seminars/.venv/lib/python3.11/site-packages/django/template/loaders/cached.py", line 57, in get_template
    template = super().get_template(template_name, skip)
               ^^^^^^^^^^^^^^^^^^^^^^^^^^^^^^^^^^^^^^^^^
  File "/home/andy/PycharmProjects/Django_seminars/.venv/lib/python3.11/site-packages/django/template/loaders/base.py", line 28, in get_template
    return Template(
           ^^^^^^^^^
  File "/home/andy/PycharmProjects/Django_seminars/.venv/lib/python3.11/site-packages/django/template/base.py", line 154, in __init__
    self.nodelist = self.compile_nodelist()
                    ^^^^^^^^^^^^^^^^^^^^^^^
  File "/home/andy/PycharmProjects/Django_seminars/.venv/lib/python3.11/site-packages/django/template/base.py", line 196, in compile_nodelist
    return parser.parse()
           ^^^^^^^^^^^^^^
  File "/home/andy/PycharmProjects/Django_seminars/.venv/lib/python3.11/site-packages/django/template/base.py", line 510, in parse
    raise self.error(token, e)
  File "/home/andy/PycharmProjects/Django_seminars/.venv/lib/python3.11/site-packages/django/template/base.py", line 508, in parse
    compiled_result = compile_func(self, token)
                      ^^^^^^^^^^^^^^^^^^^^^^^^^
  File "/home/andy/PycharmProjects/Django_seminars/.venv/lib/python3.11/site-packages/django/template/loader_tags.py", line 234, in do_block
    nodelist = parser.parse(("endblock",))
               ^^^^^^^^^^^^^^^^^^^^^^^^^^^
  File "/home/andy/PycharmProjects/Django_seminars/.venv/lib/python3.11/site-packages/django/template/base.py", line 504, in parse
    self.invalid_block_tag(token, command, parse_until)
  File "/home/andy/PycharmProjects/Django_seminars/.venv/lib/python3.11/site-packages/django/template/base.py", line 555, in invalid_block_tag
    raise self.error(
django.template.exceptions.TemplateSyntaxError: Invalid block tag on line 10: 'endblok', expected 'endblock'. Did you forget to register or load this tag?
"GET / HTTP/1.1" 500 175275
/home/andy/PycharmProjects/Django_seminars/myproject/myproject/settings.py changed, reloading.
Watching for file changes with StatReloader
'Главная' страница удачно открылась
Internal Server Error: /
Traceback (most recent call last):
  File "/home/andy/PycharmProjects/Django_seminars/.venv/lib/python3.11/site-packages/django/template/base.py", line 502, in parse
    compile_func = self.tags[command]
                   ~~~~~~~~~^^^^^^^^^
KeyError: 'endblok'

During handling of the above exception, another exception occurred:

Traceback (most recent call last):
  File "/home/andy/PycharmProjects/Django_seminars/.venv/lib/python3.11/site-packages/django/core/handlers/exception.py", line 55, in inner
    response = get_response(request)
               ^^^^^^^^^^^^^^^^^^^^^
  File "/home/andy/PycharmProjects/Django_seminars/.venv/lib/python3.11/site-packages/django/core/handlers/base.py", line 197, in _get_response
    response = wrapped_callback(request, *callback_args, **callback_kwargs)
               ^^^^^^^^^^^^^^^^^^^^^^^^^^^^^^^^^^^^^^^^^^^^^^^^^^^^^^^^^^^^
  File "/home/andy/PycharmProjects/Django_seminars/myproject/myapp/views.py", line 16, in index
    return render(request, "myapp/index.html")
           ^^^^^^^^^^^^^^^^^^^^^^^^^^^^^^^^^^^
  File "/home/andy/PycharmProjects/Django_seminars/.venv/lib/python3.11/site-packages/django/shortcuts.py", line 25, in render
    content = loader.render_to_string(template_name, context, request, using=using)
              ^^^^^^^^^^^^^^^^^^^^^^^^^^^^^^^^^^^^^^^^^^^^^^^^^^^^^^^^^^^^^^^^^^^^^
  File "/home/andy/PycharmProjects/Django_seminars/.venv/lib/python3.11/site-packages/django/template/loader.py", line 62, in render_to_string
    return template.render(context, request)
           ^^^^^^^^^^^^^^^^^^^^^^^^^^^^^^^^^
  File "/home/andy/PycharmProjects/Django_seminars/.venv/lib/python3.11/site-packages/django/template/backends/django.py", line 61, in render
    return self.template.render(context)
           ^^^^^^^^^^^^^^^^^^^^^^^^^^^^^
  File "/home/andy/PycharmProjects/Django_seminars/.venv/lib/python3.11/site-packages/django/template/base.py", line 171, in render
    return self._render(context)
           ^^^^^^^^^^^^^^^^^^^^^
  File "/home/andy/PycharmProjects/Django_seminars/.venv/lib/python3.11/site-packages/django/template/base.py", line 163, in _render
    return self.nodelist.render(context)
           ^^^^^^^^^^^^^^^^^^^^^^^^^^^^^
  File "/home/andy/PycharmProjects/Django_seminars/.venv/lib/python3.11/site-packages/django/template/base.py", line 1000, in render
    return SafeString("".join([node.render_annotated(context) for node in self]))
                              ^^^^^^^^^^^^^^^^^^^^^^^^^^^^^^^^^^^^^^^^^^^^^^^^^
  File "/home/andy/PycharmProjects/Django_seminars/.venv/lib/python3.11/site-packages/django/template/base.py", line 1000, in <listcomp>
    return SafeString("".join([node.render_annotated(context) for node in self]))
                               ^^^^^^^^^^^^^^^^^^^^^^^^^^^^^^
  File "/home/andy/PycharmProjects/Django_seminars/.venv/lib/python3.11/site-packages/django/template/base.py", line 961, in render_annotated
    return self.render(context)
           ^^^^^^^^^^^^^^^^^^^^
  File "/home/andy/PycharmProjects/Django_seminars/.venv/lib/python3.11/site-packages/django/template/loader_tags.py", line 134, in render
    compiled_parent = self.get_parent(context)
                      ^^^^^^^^^^^^^^^^^^^^^^^^
  File "/home/andy/PycharmProjects/Django_seminars/.venv/lib/python3.11/site-packages/django/template/loader_tags.py", line 131, in get_parent
    return self.find_template(parent, context)
           ^^^^^^^^^^^^^^^^^^^^^^^^^^^^^^^^^^^
  File "/home/andy/PycharmProjects/Django_seminars/.venv/lib/python3.11/site-packages/django/template/loader_tags.py", line 109, in find_template
    template, origin = context.template.engine.find_template(
                       ^^^^^^^^^^^^^^^^^^^^^^^^^^^^^^^^^^^^^^
  File "/home/andy/PycharmProjects/Django_seminars/.venv/lib/python3.11/site-packages/django/template/engine.py", line 159, in find_template
    template = loader.get_template(name, skip=skip)
               ^^^^^^^^^^^^^^^^^^^^^^^^^^^^^^^^^^^^
  File "/home/andy/PycharmProjects/Django_seminars/.venv/lib/python3.11/site-packages/django/template/loaders/cached.py", line 57, in get_template
    template = super().get_template(template_name, skip)
               ^^^^^^^^^^^^^^^^^^^^^^^^^^^^^^^^^^^^^^^^^
  File "/home/andy/PycharmProjects/Django_seminars/.venv/lib/python3.11/site-packages/django/template/loaders/base.py", line 28, in get_template
    return Template(
           ^^^^^^^^^
  File "/home/andy/PycharmProjects/Django_seminars/.venv/lib/python3.11/site-packages/django/template/base.py", line 154, in __init__
    self.nodelist = self.compile_nodelist()
                    ^^^^^^^^^^^^^^^^^^^^^^^
  File "/home/andy/PycharmProjects/Django_seminars/.venv/lib/python3.11/site-packages/django/template/base.py", line 196, in compile_nodelist
    return parser.parse()
           ^^^^^^^^^^^^^^
  File "/home/andy/PycharmProjects/Django_seminars/.venv/lib/python3.11/site-packages/django/template/base.py", line 510, in parse
    raise self.error(token, e)
  File "/home/andy/PycharmProjects/Django_seminars/.venv/lib/python3.11/site-packages/django/template/base.py", line 508, in parse
    compiled_result = compile_func(self, token)
                      ^^^^^^^^^^^^^^^^^^^^^^^^^
  File "/home/andy/PycharmProjects/Django_seminars/.venv/lib/python3.11/site-packages/django/template/loader_tags.py", line 234, in do_block
    nodelist = parser.parse(("endblock",))
               ^^^^^^^^^^^^^^^^^^^^^^^^^^^
  File "/home/andy/PycharmProjects/Django_seminars/.venv/lib/python3.11/site-packages/django/template/base.py", line 504, in parse
    self.invalid_block_tag(token, command, parse_until)
  File "/home/andy/PycharmProjects/Django_seminars/.venv/lib/python3.11/site-packages/django/template/base.py", line 555, in invalid_block_tag
    raise self.error(
django.template.exceptions.TemplateSyntaxError: Invalid block tag on line 10: 'endblok', expected 'endblock'. Did you forget to register or load this tag?
"GET / HTTP/1.1" 500 175867
Страница 'О нас' удачно открылась
Internal Server Error: /about/
Traceback (most recent call last):
  File "/home/andy/PycharmProjects/Django_seminars/.venv/lib/python3.11/site-packages/django/template/base.py", line 502, in parse
    compile_func = self.tags[command]
                   ~~~~~~~~~^^^^^^^^^
KeyError: 'endblok'

During handling of the above exception, another exception occurred:

Traceback (most recent call last):
  File "/home/andy/PycharmProjects/Django_seminars/.venv/lib/python3.11/site-packages/django/core/handlers/exception.py", line 55, in inner
    response = get_response(request)
               ^^^^^^^^^^^^^^^^^^^^^
  File "/home/andy/PycharmProjects/Django_seminars/.venv/lib/python3.11/site-packages/django/core/handlers/base.py", line 197, in _get_response
    response = wrapped_callback(request, *callback_args, **callback_kwargs)
               ^^^^^^^^^^^^^^^^^^^^^^^^^^^^^^^^^^^^^^^^^^^^^^^^^^^^^^^^^^^^
  File "/home/andy/PycharmProjects/Django_seminars/myproject/myapp/views.py", line 21, in about
    return render(request, "myapp/about.html")
           ^^^^^^^^^^^^^^^^^^^^^^^^^^^^^^^^^^^
  File "/home/andy/PycharmProjects/Django_seminars/.venv/lib/python3.11/site-packages/django/shortcuts.py", line 25, in render
    content = loader.render_to_string(template_name, context, request, using=using)
              ^^^^^^^^^^^^^^^^^^^^^^^^^^^^^^^^^^^^^^^^^^^^^^^^^^^^^^^^^^^^^^^^^^^^^
  File "/home/andy/PycharmProjects/Django_seminars/.venv/lib/python3.11/site-packages/django/template/loader.py", line 62, in render_to_string
    return template.render(context, request)
           ^^^^^^^^^^^^^^^^^^^^^^^^^^^^^^^^^
  File "/home/andy/PycharmProjects/Django_seminars/.venv/lib/python3.11/site-packages/django/template/backends/django.py", line 61, in render
    return self.template.render(context)
           ^^^^^^^^^^^^^^^^^^^^^^^^^^^^^
  File "/home/andy/PycharmProjects/Django_seminars/.venv/lib/python3.11/site-packages/django/template/base.py", line 171, in render
    return self._render(context)
           ^^^^^^^^^^^^^^^^^^^^^
  File "/home/andy/PycharmProjects/Django_seminars/.venv/lib/python3.11/site-packages/django/template/base.py", line 163, in _render
    return self.nodelist.render(context)
           ^^^^^^^^^^^^^^^^^^^^^^^^^^^^^
  File "/home/andy/PycharmProjects/Django_seminars/.venv/lib/python3.11/site-packages/django/template/base.py", line 1000, in render
    return SafeString("".join([node.render_annotated(context) for node in self]))
                              ^^^^^^^^^^^^^^^^^^^^^^^^^^^^^^^^^^^^^^^^^^^^^^^^^
  File "/home/andy/PycharmProjects/Django_seminars/.venv/lib/python3.11/site-packages/django/template/base.py", line 1000, in <listcomp>
    return SafeString("".join([node.render_annotated(context) for node in self]))
                               ^^^^^^^^^^^^^^^^^^^^^^^^^^^^^^
  File "/home/andy/PycharmProjects/Django_seminars/.venv/lib/python3.11/site-packages/django/template/base.py", line 961, in render_annotated
    return self.render(context)
           ^^^^^^^^^^^^^^^^^^^^
  File "/home/andy/PycharmProjects/Django_seminars/.venv/lib/python3.11/site-packages/django/template/loader_tags.py", line 134, in render
    compiled_parent = self.get_parent(context)
                      ^^^^^^^^^^^^^^^^^^^^^^^^
  File "/home/andy/PycharmProjects/Django_seminars/.venv/lib/python3.11/site-packages/django/template/loader_tags.py", line 131, in get_parent
    return self.find_template(parent, context)
           ^^^^^^^^^^^^^^^^^^^^^^^^^^^^^^^^^^^
  File "/home/andy/PycharmProjects/Django_seminars/.venv/lib/python3.11/site-packages/django/template/loader_tags.py", line 109, in find_template
    template, origin = context.template.engine.find_template(
                       ^^^^^^^^^^^^^^^^^^^^^^^^^^^^^^^^^^^^^^
  File "/home/andy/PycharmProjects/Django_seminars/.venv/lib/python3.11/site-packages/django/template/engine.py", line 159, in find_template
    template = loader.get_template(name, skip=skip)
               ^^^^^^^^^^^^^^^^^^^^^^^^^^^^^^^^^^^^
  File "/home/andy/PycharmProjects/Django_seminars/.venv/lib/python3.11/site-packages/django/template/loaders/cached.py", line 57, in get_template
    template = super().get_template(template_name, skip)
               ^^^^^^^^^^^^^^^^^^^^^^^^^^^^^^^^^^^^^^^^^
  File "/home/andy/PycharmProjects/Django_seminars/.venv/lib/python3.11/site-packages/django/template/loaders/base.py", line 28, in get_template
    return Template(
           ^^^^^^^^^
  File "/home/andy/PycharmProjects/Django_seminars/.venv/lib/python3.11/site-packages/django/template/base.py", line 154, in __init__
    self.nodelist = self.compile_nodelist()
                    ^^^^^^^^^^^^^^^^^^^^^^^
  File "/home/andy/PycharmProjects/Django_seminars/.venv/lib/python3.11/site-packages/django/template/base.py", line 196, in compile_nodelist
    return parser.parse()
           ^^^^^^^^^^^^^^
  File "/home/andy/PycharmProjects/Django_seminars/.venv/lib/python3.11/site-packages/django/template/base.py", line 510, in parse
    raise self.error(token, e)
  File "/home/andy/PycharmProjects/Django_seminars/.venv/lib/python3.11/site-packages/django/template/base.py", line 508, in parse
    compiled_result = compile_func(self, token)
                      ^^^^^^^^^^^^^^^^^^^^^^^^^
  File "/home/andy/PycharmProjects/Django_seminars/.venv/lib/python3.11/site-packages/django/template/loader_tags.py", line 234, in do_block
    nodelist = parser.parse(("endblock",))
               ^^^^^^^^^^^^^^^^^^^^^^^^^^^
  File "/home/andy/PycharmProjects/Django_seminars/.venv/lib/python3.11/site-packages/django/template/base.py", line 504, in parse
    self.invalid_block_tag(token, command, parse_until)
  File "/home/andy/PycharmProjects/Django_seminars/.venv/lib/python3.11/site-packages/django/template/base.py", line 555, in invalid_block_tag
    raise self.error(
django.template.exceptions.TemplateSyntaxError: Invalid block tag on line 10: 'endblok', expected 'endblock'. Did you forget to register or load this tag?
"GET /about/ HTTP/1.1" 500 175871
'Главная' страница удачно открылась
Internal Server Error: /
Traceback (most recent call last):
  File "/home/andy/PycharmProjects/Django_seminars/.venv/lib/python3.11/site-packages/django/template/base.py", line 502, in parse
    compile_func = self.tags[command]
                   ~~~~~~~~~^^^^^^^^^
KeyError: 'endblok'

During handling of the above exception, another exception occurred:

Traceback (most recent call last):
  File "/home/andy/PycharmProjects/Django_seminars/.venv/lib/python3.11/site-packages/django/core/handlers/exception.py", line 55, in inner
    response = get_response(request)
               ^^^^^^^^^^^^^^^^^^^^^
  File "/home/andy/PycharmProjects/Django_seminars/.venv/lib/python3.11/site-packages/django/core/handlers/base.py", line 197, in _get_response
    response = wrapped_callback(request, *callback_args, **callback_kwargs)
               ^^^^^^^^^^^^^^^^^^^^^^^^^^^^^^^^^^^^^^^^^^^^^^^^^^^^^^^^^^^^
  File "/home/andy/PycharmProjects/Django_seminars/myproject/myapp/views.py", line 16, in index
    return render(request, "myapp/index.html")
           ^^^^^^^^^^^^^^^^^^^^^^^^^^^^^^^^^^^
  File "/home/andy/PycharmProjects/Django_seminars/.venv/lib/python3.11/site-packages/django/shortcuts.py", line 25, in render
    content = loader.render_to_string(template_name, context, request, using=using)
              ^^^^^^^^^^^^^^^^^^^^^^^^^^^^^^^^^^^^^^^^^^^^^^^^^^^^^^^^^^^^^^^^^^^^^
  File "/home/andy/PycharmProjects/Django_seminars/.venv/lib/python3.11/site-packages/django/template/loader.py", line 62, in render_to_string
    return template.render(context, request)
           ^^^^^^^^^^^^^^^^^^^^^^^^^^^^^^^^^
  File "/home/andy/PycharmProjects/Django_seminars/.venv/lib/python3.11/site-packages/django/template/backends/django.py", line 61, in render
    return self.template.render(context)
           ^^^^^^^^^^^^^^^^^^^^^^^^^^^^^
  File "/home/andy/PycharmProjects/Django_seminars/.venv/lib/python3.11/site-packages/django/template/base.py", line 171, in render
    return self._render(context)
           ^^^^^^^^^^^^^^^^^^^^^
  File "/home/andy/PycharmProjects/Django_seminars/.venv/lib/python3.11/site-packages/django/template/base.py", line 163, in _render
    return self.nodelist.render(context)
           ^^^^^^^^^^^^^^^^^^^^^^^^^^^^^
  File "/home/andy/PycharmProjects/Django_seminars/.venv/lib/python3.11/site-packages/django/template/base.py", line 1000, in render
    return SafeString("".join([node.render_annotated(context) for node in self]))
                              ^^^^^^^^^^^^^^^^^^^^^^^^^^^^^^^^^^^^^^^^^^^^^^^^^
  File "/home/andy/PycharmProjects/Django_seminars/.venv/lib/python3.11/site-packages/django/template/base.py", line 1000, in <listcomp>
    return SafeString("".join([node.render_annotated(context) for node in self]))
                               ^^^^^^^^^^^^^^^^^^^^^^^^^^^^^^
  File "/home/andy/PycharmProjects/Django_seminars/.venv/lib/python3.11/site-packages/django/template/base.py", line 961, in render_annotated
    return self.render(context)
           ^^^^^^^^^^^^^^^^^^^^
  File "/home/andy/PycharmProjects/Django_seminars/.venv/lib/python3.11/site-packages/django/template/loader_tags.py", line 134, in render
    compiled_parent = self.get_parent(context)
                      ^^^^^^^^^^^^^^^^^^^^^^^^
  File "/home/andy/PycharmProjects/Django_seminars/.venv/lib/python3.11/site-packages/django/template/loader_tags.py", line 131, in get_parent
    return self.find_template(parent, context)
           ^^^^^^^^^^^^^^^^^^^^^^^^^^^^^^^^^^^
  File "/home/andy/PycharmProjects/Django_seminars/.venv/lib/python3.11/site-packages/django/template/loader_tags.py", line 109, in find_template
    template, origin = context.template.engine.find_template(
                       ^^^^^^^^^^^^^^^^^^^^^^^^^^^^^^^^^^^^^^
  File "/home/andy/PycharmProjects/Django_seminars/.venv/lib/python3.11/site-packages/django/template/engine.py", line 159, in find_template
    template = loader.get_template(name, skip=skip)
               ^^^^^^^^^^^^^^^^^^^^^^^^^^^^^^^^^^^^
  File "/home/andy/PycharmProjects/Django_seminars/.venv/lib/python3.11/site-packages/django/template/loaders/cached.py", line 57, in get_template
    template = super().get_template(template_name, skip)
               ^^^^^^^^^^^^^^^^^^^^^^^^^^^^^^^^^^^^^^^^^
  File "/home/andy/PycharmProjects/Django_seminars/.venv/lib/python3.11/site-packages/django/template/loaders/base.py", line 28, in get_template
    return Template(
           ^^^^^^^^^
  File "/home/andy/PycharmProjects/Django_seminars/.venv/lib/python3.11/site-packages/django/template/base.py", line 154, in __init__
    self.nodelist = self.compile_nodelist()
                    ^^^^^^^^^^^^^^^^^^^^^^^
  File "/home/andy/PycharmProjects/Django_seminars/.venv/lib/python3.11/site-packages/django/template/base.py", line 196, in compile_nodelist
    return parser.parse()
           ^^^^^^^^^^^^^^
  File "/home/andy/PycharmProjects/Django_seminars/.venv/lib/python3.11/site-packages/django/template/base.py", line 510, in parse
    raise self.error(token, e)
  File "/home/andy/PycharmProjects/Django_seminars/.venv/lib/python3.11/site-packages/django/template/base.py", line 508, in parse
    compiled_result = compile_func(self, token)
                      ^^^^^^^^^^^^^^^^^^^^^^^^^
  File "/home/andy/PycharmProjects/Django_seminars/.venv/lib/python3.11/site-packages/django/template/loader_tags.py", line 234, in do_block
    nodelist = parser.parse(("endblock",))
               ^^^^^^^^^^^^^^^^^^^^^^^^^^^
  File "/home/andy/PycharmProjects/Django_seminars/.venv/lib/python3.11/site-packages/django/template/base.py", line 504, in parse
    self.invalid_block_tag(token, command, parse_until)
  File "/home/andy/PycharmProjects/Django_seminars/.venv/lib/python3.11/site-packages/django/template/base.py", line 555, in invalid_block_tag
    raise self.error(
django.template.exceptions.TemplateSyntaxError: Invalid block tag on line 10: 'endblok', expected 'endblock'. Did you forget to register or load this tag?
"GET / HTTP/1.1" 500 175730
'Главная' страница удачно открылась
"GET / HTTP/1.1" 200 178
Страница 'О нас' удачно открылась
"GET /about/ HTTP/1.1" 200 151
Страница 'О нас' удачно открылась
"GET /about/ HTTP/1.1" 200 151
Страница 'О нас' удачно открылась
"GET /about/ HTTP/1.1" 200 151
/home/andy/PycharmProjects/Django_seminars/myproject/myapp/views.py changed, reloading.
Watching for file changes with StatReloader
/home/andy/PycharmProjects/Django_seminars/myproject/myapp/views.py changed, reloading.
Watching for file changes with StatReloader
/home/andy/PycharmProjects/Django_seminars/myproject/myapp/views.py changed, reloading.
Watching for file changes with StatReloader
/home/andy/PycharmProjects/Django_seminars/myproject/myapp/views.py changed, reloading.
Watching for file changes with StatReloader
/home/andy/PycharmProjects/Django_seminars/myproject/myapp/views.py changed, reloading.
Watching for file changes with StatReloader
/home/andy/PycharmProjects/Django_seminars/myproject/myapp/views.py changed, reloading.
Watching for file changes with StatReloader
Грань кубика: 1
"GET /game_2/ HTTP/1.1" 200 139
Грань кубика: 6
"GET /game_2/ HTTP/1.1" 200 139
Грань кубика: 6
"GET /game_2/ HTTP/1.1" 200 139
Грань кубика: 2
"GET /game_2/ HTTP/1.1" 200 139
Грань кубика: 3
"GET /game_2/ HTTP/1.1" 200 139
Грань кубика: 4
"GET /game_2/ HTTP/1.1" 200 139
/home/andy/PycharmProjects/Django_seminars/myproject/myapp/views.py changed, reloading.
Watching for file changes with StatReloader
Ответ: Решка
"GET /game_1/ HTTP/1.1" 200 148
Ответ: Решка
"GET /game_1/ HTTP/1.1" 200 148
Ответ: Орел
"GET /game_1/ HTTP/1.1" 200 146
Ответ: Орел
"GET /game_1/ HTTP/1.1" 200 146
Ответ: Решка
"GET /game_1/ HTTP/1.1" 200 148
Грань кубика: 6
"GET /game_2/ HTTP/1.1" 200 139
Ответ: Орел
"GET /game_1/ HTTP/1.1" 200 146
Грань кубика: 2
"GET /game_2/ HTTP/1.1" 200 139
/home/andy/PycharmProjects/Django_seminars/myproject/myapp/views.py changed, reloading.
Watching for file changes with StatReloader
Случайное число: 81
"GET /game_3/ HTTP/1.1" 200 140
Случайное число: 4
"GET /game_3/ HTTP/1.1" 200 139
Случайное число: 65
"GET /game_3/ HTTP/1.1" 200 140
Случайное число: 50
"GET /game_3/ HTTP/1.1" 200 140
Случайное число: 43
"GET /game_3/ HTTP/1.1" 200 140
Случайное число: 72
"GET /game_3/ HTTP/1.1" 200 140
